
> @onegenui/core@0.2.0 build /Users/giulioleone/Sviluppo/genUi/json-render/packages/core
> tsup

CLI Building entry: src/index.ts
CLI Using tsconfig: tsconfig.json
CLI tsup v8.5.1
CLI Using tsup config: /Users/giulioleone/Sviluppo/genUi/json-render/packages/core/tsup.config.ts
CLI Target: es2022
CLI Cleaning output folder
CJS Build start
ESM Build start
ESM dist/index.mjs     82.00 KB
ESM dist/index.mjs.map 181.98 KB
ESM ⚡️ Build success in 20ms
CJS dist/index.js     89.91 KB
CJS dist/index.js.map 185.65 KB
CJS ⚡️ Build success in 22ms
DTS Build start
DTS ⚡️ Build success in 883ms
DTS dist/index.d.ts  74.22 KB
DTS dist/index.d.mts 74.22 KB
